snake-and-ladder-lib/build/intermediates/manifest_merge_blame_file/debug/processDebugManifest/manifest-merger-blame-debug-report.txt
1<?xml version="1.0" encoding="utf-8"?>
2<manifest xmlns:android="http://schemas.android.com/apk/res/android"
3    xmlns:tools="http://schemas.android.com/tools"
4    package="com.loyltworks.snakeandladdergame" >
5
6    <uses-sdk android:minSdkVersion="24" />
7
8    <application>
8-->src\main\AndroidManifest.xml:5:5-18:19
9        <activity
9-->src\main\AndroidManifest.xml:6:9-9:63
10            android:name="com.loyltworks.snakeandladdergame.SplashActivity"
10-->src\main\AndroidManifest.xml:7:13-43
11            android:exported="false"
11-->src\main\AndroidManifest.xml:8:13-37
12            android:theme="@style/Theme.SnakeAndLadderGame" />
12-->src\main\AndroidManifest.xml:9:13-60
13        <activity
13-->src\main\AndroidManifest.xml:10:9-13:63
14            android:name="com.loyltworks.snakeandladdergame.SelectionActivity"
14-->src\main\AndroidManifest.xml:11:13-46
15            android:exported="false"
15-->src\main\AndroidManifest.xml:12:13-37
16            android:theme="@style/Theme.SnakeAndLadderGame" />
16-->src\main\AndroidManifest.xml:13:13-60
17        <activity
17-->src\main\AndroidManifest.xml:14:9-17:63
18            android:name="com.loyltworks.snakeandladdergame.MainActivity"
18-->src\main\AndroidManifest.xml:15:13-41
19            android:exported="false"
19-->src\main\AndroidManifest.xml:16:13-37
20            android:theme="@style/Theme.SnakeAndLadderGame" />
20-->src\main\AndroidManifest.xml:17:13-60
21    </application>
22
23</manifest>